INFO:root:Inicio de la ejecución
python3: can't open file '/home/quantic_user/Desktop/Ana/Eff_Q/Dy-Yb/0.20/0.15.py': [Errno 2] No such file or directory
INFO:root:Inicio de la ejecución
python3: can't open file '/home/quantic_user/Desktop/Ana/Eff_Q/Dy-Yb/0.20/0.15.py': [Errno 2] No such file or directory
INFO:root:Inicio de la ejecución
python3: can't open file '/home/quantic_user/Desktop/Ana/Eff_Q/Dy-Yb/0.20/0.15.py': [Errno 2] No such file or directory
python3: can't open file '/home/quantic_user/Desktop/Ana/Eff_Q/Dy-Yb/0.20/0.15.py': [Errno 2] No such file or directory
INFO:root:Inicio de la ejecución
python3: can't open file '/home/quantic_user/Desktop/Ana/Eff_Q/Dy-Yb/0.20/0.15.py': [Errno 2] No such file or directory
python3: can't open file '/home/quantic_user/Desktop/Ana/Eff_Q/Dy-Yb/0.20/0.15.py': [Errno 2] No such file or directory
python3: can't open file '/home/quantic_user/Desktop/Ana/Eff_Q/Dy-Yb/0.20/0.15.py': [Errno 2] No such file or directory
python3: can't open file '/home/quantic_user/Desktop/Ana/Eff_Q/Dy-Yb/0.20/0.15.py': [Errno 2] No such file or directory
python3: can't open file '/home/quantic_user/Desktop/Ana/Eff_Q/Dy-Yb/0.20/0.15.py': [Errno 2] No such file or directory
python3: can't open file '/home/quantic_user/Desktop/Ana/Eff_Q/Dy-Yb/0.20/0.15.py': [Errno 2] No such file or directory
INFO:root:Inicio de la ejecución
python3: can't open file '/home/quantic_user/Desktop/Ana/Eff_Q/Dy-Yb/0.20/0.15.py': [Errno 2] No such file or directory
INFO:root:Inicio de la ejecución
INFO:root:Ejecución completada
Tiempo total de ejecución con 24 nucleos: 60.36minutos
T_term: 0.20 247.54871739337605
INFO:root:Ejecución completada
Tiempo total de ejecución con 24 nucleos: 106.96minutos
T_term: 0.20 248.98844927032766
INFO:root:Inicio de la ejecución
INFO:root:Ejecución completada
Tiempo total de ejecución con 24 nucleos: 43.80minutos
T_term: 0.20 252.08404992623437
INFO:root:Inicio de la ejecución
INFO:root:Inicio de la ejecución
